[INFO] Scanning for projects...
[WARNING] 
[WARNING] Some problems were encountered while building the effective model for com.accor:admin-event-driven:jar:1.0.0-SNAPSHOT
[WARNING] 'build.plugins.plugin.version' for com.spotify:dockerfile-maven-plugin is missing. @ line 156, column 21
[WARNING] 
[WARNING] It is highly recommended to fix these problems because they threaten the stability of your build.
[WARNING] 
[WARNING] For this reason, future Maven versions might no longer support building such malformed projects.
[WARNING] 
[INFO]                                                                         
[INFO] ------------------------------------------------------------------------
[INFO] Building admin-event-driven 1.0.0-SNAPSHOT
[INFO] ------------------------------------------------------------------------
[INFO] 
[INFO] --- maven-clean-plugin:2.5:clean (default-clean) @ admin-event-driven ---
[INFO] Deleting C:\Dev\gitRepo\SocleEvenDrivenNew\SocleEventDriven\admin-event-driven\target
[INFO] 
[INFO] --- spring-boot-maven-plugin:2.1.1.RELEASE:build-info (build-info) @ admin-event-driven ---
[INFO] 
[INFO] --- maven-resources-plugin:2.6:resources (default-resources) @ admin-event-driven ---
[INFO] Using 'UTF-8' encoding to copy filtered resources.
[INFO] Copying 1 resource
[INFO] 
[INFO] --- maven-compiler-plugin:3.8.0:compile (default-compile) @ admin-event-driven ---
[INFO] Changes detected - recompiling the module!
[INFO] Compiling 8 source files to C:\Dev\gitRepo\SocleEvenDrivenNew\SocleEventDriven\admin-event-driven\target\classes
[WARNING] No processor claimed any of these annotations: org.springframework.web.bind.annotation.PostMapping,org.springframework.web.bind.annotation.RequestParam,org.springframework.boot.autoconfigure.SpringBootApplication,org.springframework.boot.autoconfigure.EnableAutoConfiguration,org.springframework.web.bind.annotation.RequestMapping,org.springframework.web.bind.annotation.RestController,org.springframework.context.annotation.ComponentScan,org.springframework.web.bind.annotation.RequestBody,org.springframework.stereotype.Component,javax.annotation.PostConstruct,springfox.documentation.swagger2.annotations.EnableSwagger2,org.springframework.web.bind.annotation.GetMapping,org.springframework.context.annotation.Lazy,org.springframework.scheduling.annotation.EnableScheduling,org.springframework.web.bind.annotation.ResponseStatus
[WARNING] /C:/Dev/gitRepo/SocleEvenDrivenNew/SocleEventDriven/admin-event-driven/src/main/java/com/accor/tech/adminevent/listener/ListenerStatusService.java:[49,87] found raw type: com.accor.tech.serdes.GenericDeserializer
  missing type arguments for generic class com.accor.tech.serdes.GenericDeserializer<T>
[WARNING] /C:/Dev/gitRepo/SocleEvenDrivenNew/SocleEventDriven/admin-event-driven/src/main/java/com/accor/tech/adminevent/listener/ListenerStatusService.java:[49,83] unchecked call to GenericDeserializer(java.lang.Class<T>) as a member of the raw type com.accor.tech.serdes.GenericDeserializer
[WARNING] /C:/Dev/gitRepo/SocleEvenDrivenNew/SocleEventDriven/admin-event-driven/src/main/java/com/accor/tech/adminevent/service/KafkaSimulateReadService.java:[36,9] found raw type: org.apache.kafka.clients.consumer.KafkaConsumer
  missing type arguments for generic class org.apache.kafka.clients.consumer.KafkaConsumer<K,V>
[WARNING] /C:/Dev/gitRepo/SocleEvenDrivenNew/SocleEventDriven/admin-event-driven/src/main/java/com/accor/tech/adminevent/service/KafkaSimulateReadService.java:[39,36] unchecked call to subscribe(java.util.Collection<java.lang.String>) as a member of the raw type org.apache.kafka.clients.consumer.KafkaConsumer
[WARNING] /C:/Dev/gitRepo/SocleEvenDrivenNew/SocleEventDriven/admin-event-driven/src/main/java/com/accor/tech/adminevent/service/KafkaSimulateReadService.java:[40,26] poll(long) in org.apache.kafka.clients.consumer.KafkaConsumer has been deprecated
[WARNING] /C:/Dev/gitRepo/SocleEvenDrivenNew/SocleEventDriven/admin-event-driven/src/main/java/com/accor/tech/adminevent/service/KafkaSimulateReadService.java:[41,70] unchecked conversion
  required: java.util.Set<org.apache.kafka.common.TopicPartition>
  found:    java.util.Set
[WARNING] /C:/Dev/gitRepo/SocleEvenDrivenNew/SocleEventDriven/admin-event-driven/src/main/java/com/accor/tech/adminevent/service/KafkaSimulateReadService.java:[42,85] unchecked call to endOffsets(java.util.Collection<org.apache.kafka.common.TopicPartition>) as a member of the raw type org.apache.kafka.clients.consumer.KafkaConsumer
[WARNING] /C:/Dev/gitRepo/SocleEvenDrivenNew/SocleEventDriven/admin-event-driven/src/main/java/com/accor/tech/adminevent/service/KafkaSimulateReadService.java:[42,85] unchecked conversion
  required: java.util.Map<org.apache.kafka.common.TopicPartition,java.lang.Long>
  found:    java.util.Map
[WARNING] /C:/Dev/gitRepo/SocleEvenDrivenNew/SocleEventDriven/admin-event-driven/src/main/java/com/accor/tech/adminevent/service/KafkaSimulateReadService.java:[46,36] unchecked call to subscribe(java.util.Collection<java.lang.String>) as a member of the raw type org.apache.kafka.clients.consumer.KafkaConsumer
[WARNING] /C:/Dev/gitRepo/SocleEvenDrivenNew/SocleEventDriven/admin-event-driven/src/main/java/com/accor/tech/adminevent/service/KafkaSimulateReadService.java:[55,72] poll(long) in org.apache.kafka.clients.consumer.KafkaConsumer has been deprecated
[WARNING] /C:/Dev/gitRepo/SocleEvenDrivenNew/SocleEventDriven/admin-event-driven/src/main/java/com/accor/tech/adminevent/service/KafkaSimulateReadService.java:[55,77] unchecked conversion
  required: org.apache.kafka.clients.consumer.ConsumerRecords<java.lang.String,java.lang.String>
  found:    org.apache.kafka.clients.consumer.ConsumerRecords
[WARNING] /C:/Dev/gitRepo/SocleEvenDrivenNew/SocleEventDriven/admin-event-driven/src/main/java/com/accor/tech/adminevent/service/KafkaSimulateReadService.java:[74,30] found raw type: org.apache.kafka.clients.consumer.KafkaConsumer
  missing type arguments for generic class org.apache.kafka.clients.consumer.KafkaConsumer<K,V>
[INFO] 
[INFO] --- maven-resources-plugin:2.6:testResources (default-testResources) @ admin-event-driven ---
[INFO] Using 'UTF-8' encoding to copy filtered resources.
[INFO] skip non existing resourceDirectory C:\Dev\gitRepo\SocleEvenDrivenNew\SocleEventDriven\admin-event-driven\src\test\resources
[INFO] 
[INFO] --- maven-compiler-plugin:3.8.0:testCompile (default-testCompile) @ admin-event-driven ---
[INFO] No sources to compile
[INFO] 
[INFO] --- maven-surefire-plugin:2.22.1:test (default-test) @ admin-event-driven ---
[INFO] No tests to run.
[INFO] 
[INFO] --- maven-jar-plugin:2.4:jar (default-jar) @ admin-event-driven ---
[INFO] Building jar: C:\Dev\gitRepo\SocleEvenDrivenNew\SocleEventDriven\admin-event-driven\target\admin-event-driven-1.0.0-SNAPSHOT.jar
[INFO] 
[INFO] --- spring-boot-maven-plugin:2.1.1.RELEASE:repackage (repackage) @ admin-event-driven ---
[INFO] Replacing main artifact with repackaged archive
[INFO] 
[INFO] --- dockerfile-maven-plugin:1.4.10:build (default) @ admin-event-driven ---
[INFO] dockerfile: null
[INFO] contextDirectory: C:\Dev\gitRepo\SocleEvenDrivenNew\SocleEventDriven\admin-event-driven
[INFO] Building Docker context C:\Dev\gitRepo\SocleEvenDrivenNew\SocleEventDriven\admin-event-driven
[INFO] Path(dockerfile): null
[INFO] Path(contextDirectory): C:\Dev\gitRepo\SocleEvenDrivenNew\SocleEventDriven\admin-event-driven
[INFO] 
[INFO] Image will be built as 172979057164.dkr.ecr.eu-west-1.amazonaws.com/admin-event-driven:1.0.0-SNAPSHOT
[INFO] 
[WARNING] An attempt failed, will retry 1 more times
org.apache.maven.plugin.MojoExecutionException: Could not build image
	at com.spotify.plugin.dockerfile.BuildMojo.buildImage(BuildMojo.java:234)
	at com.spotify.plugin.dockerfile.BuildMojo.execute(BuildMojo.java:129)
	at com.spotify.plugin.dockerfile.AbstractDockerMojo.tryExecute(AbstractDockerMojo.java:265)
	at com.spotify.plugin.dockerfile.AbstractDockerMojo.execute(AbstractDockerMojo.java:254)
	at org.apache.maven.plugin.DefaultBuildPluginManager.executeMojo(DefaultBuildPluginManager.java:134)
	at org.apache.maven.lifecycle.internal.MojoExecutor.execute(MojoExecutor.java:207)
	at org.apache.maven.lifecycle.internal.MojoExecutor.execute(MojoExecutor.java:153)
	at org.apache.maven.lifecycle.internal.MojoExecutor.execute(MojoExecutor.java:145)
	at org.apache.maven.lifecycle.internal.LifecycleModuleBuilder.buildProject(LifecycleModuleBuilder.java:116)
	at org.apache.maven.lifecycle.internal.LifecycleModuleBuilder.buildProject(LifecycleModuleBuilder.java:80)
	at org.apache.maven.lifecycle.internal.builder.singlethreaded.SingleThreadedBuilder.build(SingleThreadedBuilder.java:51)
	at org.apache.maven.lifecycle.internal.LifecycleStarter.execute(LifecycleStarter.java:128)
	at org.apache.maven.DefaultMaven.doExecute(DefaultMaven.java:307)
	at org.apache.maven.DefaultMaven.doExecute(DefaultMaven.java:193)
	at org.apache.maven.DefaultMaven.execute(DefaultMaven.java:106)
	at org.apache.maven.cli.MavenCli.execute(MavenCli.java:863)
	at org.apache.maven.cli.MavenCli.doMain(MavenCli.java:288)
	at org.apache.maven.cli.MavenCli.main(MavenCli.java:199)
	at sun.reflect.NativeMethodAccessorImpl.invoke0(Native Method)
	at sun.reflect.NativeMethodAccessorImpl.invoke(NativeMethodAccessorImpl.java:62)
	at sun.reflect.DelegatingMethodAccessorImpl.invoke(DelegatingMethodAccessorImpl.java:43)
	at java.lang.reflect.Method.invoke(Method.java:498)
	at org.codehaus.plexus.classworlds.launcher.Launcher.launchEnhanced(Launcher.java:289)
	at org.codehaus.plexus.classworlds.launcher.Launcher.launch(Launcher.java:229)
	at org.codehaus.plexus.classworlds.launcher.Launcher.mainWithExitCode(Launcher.java:415)
	at org.codehaus.plexus.classworlds.launcher.Launcher.main(Launcher.java:356)
Caused by: java.io.IOException: request to write '7603' bytes exceeds size in header of '1592' bytes for entry 'log.log'
	at org.apache.commons.compress.archivers.tar.TarArchiveOutputStream.write(TarArchiveOutputStream.java:449)
	at java.nio.file.Files.copy(Files.java:2909)
	at java.nio.file.Files.copy(Files.java:3069)
	at com.spotify.docker.client.CompressedDirectory$Visitor.visitFile(CompressedDirectory.java:303)
	at com.spotify.docker.client.CompressedDirectory$Visitor.visitFile(CompressedDirectory.java:253)
	at java.nio.file.Files.walkFileTree(Files.java:2670)
	at com.spotify.docker.client.CompressedDirectory.create(CompressedDirectory.java:115)
	at com.spotify.docker.client.DefaultDockerClient.build(DefaultDockerClient.java:1472)
	at com.spotify.docker.client.DefaultDockerClient.build(DefaultDockerClient.java:1445)
	at com.spotify.plugin.dockerfile.BuildMojo.buildImage(BuildMojo.java:227)
	... 25 more
	Suppressed: java.io.IOException: This archive contains unclosed entries.
		at org.apache.commons.compress.archivers.tar.TarArchiveOutputStream.finish(TarArchiveOutputStream.java:289)
		at org.apache.commons.compress.archivers.tar.TarArchiveOutputStream.close(TarArchiveOutputStream.java:307)
		at com.spotify.docker.client.CompressedDirectory.create(CompressedDirectory.java:120)
		... 28 more
[INFO] dockerfile: null
[INFO] contextDirectory: C:\Dev\gitRepo\SocleEvenDrivenNew\SocleEventDriven\admin-event-driven
[INFO] Building Docker context C:\Dev\gitRepo\SocleEvenDrivenNew\SocleEventDriven\admin-event-driven
[INFO] Path(dockerfile): null
[INFO] Path(contextDirectory): C:\Dev\gitRepo\SocleEvenDrivenNew\SocleEventDriven\admin-event-driven
[INFO] 
[INFO] Image will be built as 172979057164.dkr.ecr.eu-west-1.amazonaws.com/admin-event-driven:1.0.0-SNAPSHOT
[INFO] 
[INFO] ------------------------------------------------------------------------
[INFO] BUILD FAILURE
[INFO] ------------------------------------------------------------------------
[INFO] Total time: 17.223 s
[INFO] Finished at: 2019-03-14T15:35:18+01:00
[INFO] Final Memory: 43M/331M
[INFO] ------------------------------------------------------------------------
[ERROR] Failed to execute goal com.spotify:dockerfile-maven-plugin:1.4.10:build (default) on project admin-event-driven: Could not build image: request to write '8192' bytes exceeds size in header of '7603' bytes for entry 'log.log' -> [Help 1]
[ERROR] 
[ERROR] To see the full stack trace of the errors, re-run Maven with the -e switch.
[ERROR] Re-run Maven using the -X switch to enable full debug logging.
[ERROR] 
[ERROR] For more information about the errors and possible solutions, please read the following articles:
[ERROR] [Help 1] http://cwiki.apache.org/confluence/display/MAVEN/MojoExecutionException
